<?xml version="1.0" encoding="UTF-8"?>
<!-- Generated by org.testng.reporters.JUnitReportReporter -->
<testsuite skipped="0" hostname="F04095" name="com.payment.testcases.Login_002_UnregisteredEmail" tests="1" failures="0" timestamp="2020-07-11T08:15:37 EDT" time="21.198" errors="0">
  <testcase name="verifyUnregisteredEmail" time="21.198" classname="com.payment.testcases.Login_002_UnregisteredEmail"/>
  <system-out/>
</testsuite> <!-- com.payment.testcases.Login_002_UnregisteredEmail -->
