<?xml version="1.0" encoding="UTF-8"?>
<!-- Generated by org.testng.reporters.JUnitReportReporter -->
<testsuite skipped="0" hostname="F04095" name="com.payment.testcases.Login_004_InvalidEmail2" tests="1" failures="0" timestamp="2020-07-13T20:13:27 EDT" time="17.405" errors="0">
  <testcase name="verifyInvalidEmail2" time="17.405" classname="com.payment.testcases.Login_004_InvalidEmail2"/>
  <system-out/>
</testsuite> <!-- com.payment.testcases.Login_004_InvalidEmail2 -->
