<?xml version="1.0" encoding="UTF-8"?>
<!-- Generated by org.testng.reporters.JUnitReportReporter -->
<testsuite skipped="0" hostname="F04095" name="com.payment.testcases.LoginPage_UnregisteredEmail" tests="1" failures="0" timestamp="2020-07-08T11:21:55 EDT" time="18.905" errors="0">
  <testcase name="verifyInvalidEmailPhone" time="18.905" classname="com.payment.testcases.LoginPage_UnregisteredEmail"/>
  <system-out/>
</testsuite> <!-- com.payment.testcases.LoginPage_UnregisteredEmail -->
