<?xml version="1.0" encoding="UTF-8"?>
<!-- Generated by org.testng.reporters.JUnitReportReporter -->
<testsuite skipped="0" hostname="F04095" name="com.payment.testcases.Login_001_EmptyEmailPhoneField" tests="1" failures="0" timestamp="2020-07-13T19:42:55 EDT" time="11.105" errors="0">
  <testcase name="verifyEmptyEmailPhoneLogin" time="11.105" classname="com.payment.testcases.Login_001_EmptyEmailPhoneField"/>
  <system-out/>
</testsuite> <!-- com.payment.testcases.Login_001_EmptyEmailPhoneField -->
