<?xml version="1.0" encoding="UTF-8"?>
<!-- Generated by org.testng.reporters.JUnitReportReporter -->
<testsuite skipped="0" hostname="F04095" name="com.payment.testcases.Login_007_RegisteredPhone_CorrectPassword" tests="1" failures="0" timestamp="2020-07-13T20:13:27 EDT" time="33.678" errors="0">
  <testcase name="verifyRegisteredPhone_CorrectPassword" time="33.678" classname="com.payment.testcases.Login_007_RegisteredPhone_CorrectPassword"/>
  <system-out/>
</testsuite> <!-- com.payment.testcases.Login_007_RegisteredPhone_CorrectPassword -->
