<?xml version="1.0" encoding="UTF-8"?>
<!-- Generated by org.testng.reporters.JUnitReportReporter -->
<testsuite skipped="0" hostname="F04095" name="com.payment.testcases.Login_004_RegisteredPhone_IncorrectPassword" tests="1" failures="0" timestamp="2020-07-08T14:40:15 EDT" time="21.081" errors="0">
  <testcase name="verifyRegisteredPhone_IncorrectPassword" time="21.081" classname="com.payment.testcases.Login_004_RegisteredPhone_IncorrectPassword"/>
  <system-out/>
</testsuite> <!-- com.payment.testcases.Login_004_RegisteredPhone_IncorrectPassword -->
