<?xml version="1.0" encoding="UTF-8"?>
<!-- Generated by org.testng.reporters.JUnitReportReporter -->
<testsuite skipped="0" hostname="F04095" name="com.payment.testcases.Login_001_UnregisteredEmail" tests="1" failures="0" timestamp="2020-07-13T20:13:27 EDT" time="20.878" errors="0">
  <testcase name="verifyUnregisteredEmail" time="20.878" classname="com.payment.testcases.Login_001_UnregisteredEmail"/>
  <system-out/>
</testsuite> <!-- com.payment.testcases.Login_001_UnregisteredEmail -->
