<?xml version="1.0" encoding="UTF-8"?>
<!-- Generated by org.testng.reporters.JUnitReportReporter -->
<testsuite skipped="0" hostname="F04095" name="com.payment.testcases.LoginPage_InvalidEmail1" tests="1" failures="0" timestamp="2020-07-08T11:16:00 EDT" time="19.896" errors="0">
  <testcase name="verifyInvalidEmailPhone" time="19.896" classname="com.payment.testcases.LoginPage_InvalidEmail1"/>
  <system-out/>
</testsuite> <!-- com.payment.testcases.LoginPage_InvalidEmail1 -->
