<?xml version="1.0" encoding="UTF-8"?>
<!-- Generated by org.testng.reporters.JUnitReportReporter -->
<testsuite skipped="0" hostname="F04095" name="com.payment.testcases.Login_004_InvalidEmail1" tests="1" failures="0" timestamp="2020-07-11T08:15:37 EDT" time="18.582" errors="0">
  <testcase name="verifyInvalidEmail1" time="18.582" classname="com.payment.testcases.Login_004_InvalidEmail1"/>
  <system-out/>
</testsuite> <!-- com.payment.testcases.Login_004_InvalidEmail1 -->
