<?xml version="1.0" encoding="UTF-8"?>
<!-- Generated by org.testng.reporters.JUnitReportReporter -->
<testsuite skipped="0" hostname="F04095" name="com.payment.testcases.Login_005_InvalidEmail2" tests="1" failures="0" timestamp="2020-07-11T08:15:37 EDT" time="15.669" errors="0">
  <testcase name="verifyInvalidEmail2" time="15.669" classname="com.payment.testcases.Login_005_InvalidEmail2"/>
  <system-out/>
</testsuite> <!-- com.payment.testcases.Login_005_InvalidEmail2 -->
