<?xml version="1.0" encoding="UTF-8"?>
<!-- Generated by org.testng.reporters.JUnitReportReporter -->
<testsuite skipped="0" hostname="F04095" name="com.payment.testcases.Login_005_RegisteredPhone_CorrectPassword" tests="1" failures="0" timestamp="2020-07-08T14:26:31 EDT" time="35.067" errors="0">
  <testcase name="verifyRegisteredPhone_CorrectPassword" time="35.067" classname="com.payment.testcases.Login_005_RegisteredPhone_CorrectPassword"/>
  <system-out/>
</testsuite> <!-- com.payment.testcases.Login_005_RegisteredPhone_CorrectPassword -->
