<?xml version="1.0" encoding="UTF-8"?>
<!-- Generated by org.testng.reporters.JUnitReportReporter -->
<testsuite skipped="0" hostname="F04095" name="com.payment.testcases.LoginPage_InvalidEmail2" tests="1" failures="0" timestamp="2020-07-08T11:16:56 EDT" time="17.298" errors="0">
  <testcase name="verifyInvalidEmailPhone" time="17.298" classname="com.payment.testcases.LoginPage_InvalidEmail2"/>
  <system-out/>
</testsuite> <!-- com.payment.testcases.LoginPage_InvalidEmail2 -->
