<?xml version="1.0" encoding="UTF-8"?>
<!-- Generated by org.testng.reporters.JUnitReportReporter -->
<testsuite skipped="0" hostname="F04095" name="com.payment.testcases.Login_006_RegisteredPhone_IncorrectPassword" tests="1" failures="0" timestamp="2020-07-13T20:13:27 EDT" time="21.252" errors="0">
  <testcase name="loginTest" time="21.252" classname="com.payment.testcases.Login_006_RegisteredPhone_IncorrectPassword"/>
  <system-out/>
</testsuite> <!-- com.payment.testcases.Login_006_RegisteredPhone_IncorrectPassword -->
