<?xml version="1.0" encoding="UTF-8"?>
<!-- Generated by org.testng.reporters.JUnitReportReporter -->
<testsuite skipped="0" hostname="F04095" name="com.payment.testcases.LoginPage_InvalidEmailPhone" tests="1" failures="0" timestamp="2020-07-08T03:46:07 EDT" time="22.397" errors="0">
  <testcase name="verifyInvalidEmailPhone" time="22.397" classname="com.payment.testcases.LoginPage_InvalidEmailPhone"/>
  <system-out/>
</testsuite> <!-- com.payment.testcases.LoginPage_InvalidEmailPhone -->
